<?xml version="1.0" encoding="UTF-8"?>
<!-- Generated by org.testng.reporters.JUnitReportReporter -->
<testsuite hostname="DESKTOP-JT8TGK7" failures="0" tests="4" name="com.sgtesting.calculator.testcases.AdditionTestcases" time="0.089" errors="0" timestamp="2022-11-17T23:19:52 GMT-08:00" skipped="0">
  <testcase classname="com.sgtesting.calculator.testcases.AdditionTestcases" name="addPositiveAndZeroNumbers" time="0.047"/>
  <system-out/>
  <testcase classname="com.sgtesting.calculator.testcases.AdditionTestcases" name="addTwoPositiveNumbers" time="0.004"/>
  <system-out/>
  <testcase classname="com.sgtesting.calculator.testcases.AdditionTestcases" name="addPositiveAndNegativeNumbers" time="0.031"/>
  <system-out/>
  <testcase classname="com.sgtesting.calculator.testcases.AdditionTestcases" name="addTwoNegativeNumbers" time="0.007"/>
  <system-out/>
</testsuite> <!-- com.sgtesting.calculator.testcases.AdditionTestcases -->
