<?xml version="1.0" encoding="UTF-8"?>
<!-- Generated by org.testng.reporters.JUnitReportReporter -->
<testsuite hostname="DESKTOP-JT8TGK7" failures="0" tests="4" name="com.sgtesting.calculator.testcases.SubstractionTestcases" time="0.034" errors="0" timestamp="2022-11-17T23:19:52 GMT-08:00" skipped="0">
  <testcase classname="com.sgtesting.calculator.testcases.SubstractionTestcases" name="substractPositiveAndNegativeNumbers" time="0.004"/>
  <system-out/>
  <testcase classname="com.sgtesting.calculator.testcases.SubstractionTestcases" name="substractTwoNegativeNumbers" time="0.011"/>
  <system-out/>
  <testcase classname="com.sgtesting.calculator.testcases.SubstractionTestcases" name="substractTwoPositiveNumbers" time="0.004"/>
  <system-out/>
  <testcase classname="com.sgtesting.calculator.testcases.SubstractionTestcases" name="substractPositiveAndZeroNumbers" time="0.015"/>
  <system-out/>
</testsuite> <!-- com.sgtesting.calculator.testcases.SubstractionTestcases -->
