<?xml version="1.0" encoding="UTF-8"?>
<!-- Generated by org.testng.reporters.JUnitReportReporter -->
<testsuite hostname="DESKTOP-JT8TGK7" failures="0" tests="2" name="com.sgtesting.hardassertion.AssertEqualsDemo" time="0.042" errors="0" timestamp="2022-11-08T22:36:21 GMT-08:00" skipped="0">
  <testcase classname="com.sgtesting.hardassertion.AssertEqualsDemo" name="assertNotEqualsDemo" time="0.007"/>
  <system-out/>
  <testcase classname="com.sgtesting.hardassertion.AssertEqualsDemo" name="assertEqualsDemo" time="0.035"/>
  <system-out/>
</testsuite> <!-- com.sgtesting.hardassertion.AssertEqualsDemo -->
