<?xml version="1.0" encoding="UTF-8"?>
<!-- Generated by org.testng.reporters.JUnitReportReporter -->
<testsuite hostname="DESKTOP-JT8TGK7" failures="0" tests="2" name="com.sgtesting.softassertion.AssertTrueFalseDemo" time="0.044" errors="0" timestamp="2022-11-08T23:14:23 GMT-08:00" skipped="0">
  <testcase classname="com.sgtesting.softassertion.AssertTrueFalseDemo" name="assertFalseDemo" time="0.031"/>
  <system-out/>
  <testcase classname="com.sgtesting.softassertion.AssertTrueFalseDemo" name="assertTrueDemo" time="0.013"/>
  <system-out/>
</testsuite> <!-- com.sgtesting.softassertion.AssertTrueFalseDemo -->
