<?xml version="1.0" encoding="UTF-8"?>
<!-- Generated by org.testng.reporters.JUnitReportReporter -->
<testsuite hostname="DESKTOP-JT8TGK7" failures="0" tests="3" name="com.sgtesting.parameters.DataProviderDemo" time="0.024" errors="0" timestamp="2022-11-08T22:58:58 GMT-08:00" skipped="0">
  <testcase classname="com.sgtesting.parameters.DataProviderDemo" name="displayTestData" time="0.003"/>
  <system-out/>
  <testcase classname="com.sgtesting.parameters.DataProviderDemo" name="displayTestData" time="0.016"/>
  <system-out/>
  <testcase classname="com.sgtesting.parameters.DataProviderDemo" name="displayTestData" time="0.005"/>
  <system-out/>
</testsuite> <!-- com.sgtesting.parameters.DataProviderDemo -->
