<?xml version="1.0" encoding="UTF-8"?>
<!-- Generated by org.testng.reporters.JUnitReportReporter -->
<testsuite hostname="DESKTOP-JT8TGK7" failures="0" tests="3" name="com.sgtesting.users.Users" time="0.052" errors="0" timestamp="2022-11-08T23:16:29 GMT-08:00" skipped="0">
  <testcase classname="com.sgtesting.users.Users" name="createUser" time="0.019"/>
  <system-out/>
  <testcase classname="com.sgtesting.users.Users" name="modifyUser" time="0.017"/>
  <system-out/>
  <testcase classname="com.sgtesting.users.Users" name="deleteUser" time="0.016"/>
  <system-out/>
</testsuite> <!-- com.sgtesting.users.Users -->
