<?xml version="1.0" encoding="UTF-8"?>
<!-- Generated by org.testng.reporters.JUnitReportReporter -->
<testsuite hostname="DESKTOP-JT8TGK7" failures="0" tests="2" name="com.sgtesting.hardassertion.AssertTrueFalseDemo" time="0.039" errors="0" timestamp="2022-11-08T22:56:34 GMT-08:00" skipped="0">
  <testcase classname="com.sgtesting.hardassertion.AssertTrueFalseDemo" name="assertTrueDemo" time="0.010"/>
  <system-out/>
  <testcase classname="com.sgtesting.hardassertion.AssertTrueFalseDemo" name="assertFalseDemo" time="0.029"/>
  <system-out/>
</testsuite> <!-- com.sgtesting.hardassertion.AssertTrueFalseDemo -->
