<?xml version="1.0" encoding="UTF-8"?>
<!-- Generated by org.testng.reporters.JUnitReportReporter -->
<testsuite hostname="DESKTOP-JT8TGK7" failures="0" tests="3" name="com.sgtesting.products.Products" time="0.095" errors="0" timestamp="2022-11-08T23:59:33 GMT-08:00" skipped="0">
  <testcase classname="com.sgtesting.products.Products" name="modifyProduct" time="0.017"/>
  <system-out/>
  <testcase classname="com.sgtesting.products.Products" name="createProduct" time="0.057"/>
  <system-out/>
  <testcase classname="com.sgtesting.products.Products" name="deleteProduct" time="0.021"/>
  <system-out/>
</testsuite> <!-- com.sgtesting.products.Products -->
