<?xml version="1.0" encoding="UTF-8"?>
<!-- Generated by org.testng.reporters.JUnitReportReporter -->
<testsuite hostname="DESKTOP-JT8TGK7" failures="0" tests="3" name="com.sgtesting.users.Users" time="0.070" errors="0" timestamp="2022-11-08T23:59:33 GMT-08:00" skipped="0">
  <testcase classname="com.sgtesting.users.Users" name="deleteUser" time="0.020"/>
  <system-out/>
  <testcase classname="com.sgtesting.users.Users" name="modifyUser" time="0.013"/>
  <system-out/>
  <testcase classname="com.sgtesting.users.Users" name="createUser" time="0.037"/>
  <system-out/>
</testsuite> <!-- com.sgtesting.users.Users -->
