<?xml version="1.0" encoding="UTF-8"?>
<!-- Generated by org.testng.reporters.JUnitReportReporter -->
<testsuite hostname="DESKTOP-JT8TGK7" failures="0" tests="2" name="com.sgtesting.softassertion.AssertSameDemo" time="0.050" errors="0" timestamp="2022-11-08T23:12:49 GMT-08:00" skipped="0">
  <testcase classname="com.sgtesting.softassertion.AssertSameDemo" name="assertNotSameDemo" time="0.036"/>
  <system-out/>
  <testcase classname="com.sgtesting.softassertion.AssertSameDemo" name="assertSameDemo" time="0.014"/>
  <system-out/>
</testsuite> <!-- com.sgtesting.softassertion.AssertSameDemo -->
