<?xml version="1.0" encoding="UTF-8"?>
<!-- Generated by org.testng.reporters.JUnitReportReporter -->
<testsuite hostname="DESKTOP-JT8TGK7" failures="0" tests="2" name="com.sgtesting.hardassertion.AssertNullDemo" time="0.036" errors="0" timestamp="2022-11-08T22:38:40 GMT-08:00" skipped="0">
  <testcase classname="com.sgtesting.hardassertion.AssertNullDemo" name="assertNullDemo" time="0.011"/>
  <system-out/>
  <testcase classname="com.sgtesting.hardassertion.AssertNullDemo" name="assertNotNullDemo" time="0.025"/>
  <system-out/>
</testsuite> <!-- com.sgtesting.hardassertion.AssertNullDemo -->
