<?xml version="1.0" encoding="UTF-8"?>
<!-- Generated by org.testng.reporters.JUnitReportReporter -->
<testsuite hostname="DESKTOP-JT8TGK7" failures="0" tests="3" name="com.sgtesting.condition.Users" time="0.032" errors="0" timestamp="2022-11-08T22:33:39 GMT-08:00" skipped="1">
  <testcase classname="com.sgtesting.condition.Users" name="createUser" time="0.024"/>
  <system-out/>
  <testcase classname="com.sgtesting.condition.Users" name="deleteUser" time="0.008"/>
  <system-out/>
  <testcase classname="com.sgtesting.condition.Users" name="modifyUser">
    <skipped/>
  </testcase> <!-- modifyUser -->
  <system-out/>
</testsuite> <!-- com.sgtesting.condition.Users -->
