<?xml version="1.0" encoding="UTF-8"?>
<!-- Generated by org.testng.reporters.JUnitReportReporter -->
<testsuite hostname="DESKTOP-JT8TGK7" failures="0" tests="3" name="com.sgtesting.condition.DependsOnMethodsCondition" time="0.031" errors="0" timestamp="2022-11-08T22:18:31 GMT-08:00" skipped="0">
  <testcase classname="com.sgtesting.condition.DependsOnMethodsCondition" name="modifyUser" time="0.005"/>
  <system-out/>
  <testcase classname="com.sgtesting.condition.DependsOnMethodsCondition" name="createUser" time="0.014"/>
  <system-out/>
  <testcase classname="com.sgtesting.condition.DependsOnMethodsCondition" name="deleteUser" time="0.012"/>
  <system-out/>
</testsuite> <!-- com.sgtesting.condition.DependsOnMethodsCondition -->
