<?xml version="1.0" encoding="UTF-8"?>
<!-- Generated by org.testng.reporters.JUnitReportReporter -->
<testsuite hostname="DESKTOP-JT8TGK7" failures="0" tests="2" name="com.sgtesting.softassertion.AssertNullDemo" time="0.043" errors="0" timestamp="2022-11-08T23:11:06 GMT-08:00" skipped="0">
  <testcase classname="com.sgtesting.softassertion.AssertNullDemo" name="assertNullDemo" time="0.013"/>
  <system-out/>
  <testcase classname="com.sgtesting.softassertion.AssertNullDemo" name="assertNotNullDemo" time="0.030"/>
  <system-out/>
</testsuite> <!-- com.sgtesting.softassertion.AssertNullDemo -->
